INFO: Started
INFO: SessionName = 12-07-2023--03-10-benchmark__00_online__benchmark-heptomino2-txt
INFO: ('logs/', 'folder already exists.')
INFO: Runtime #1371# create_log_folder: TotalSec: 0.000 == 00.000 seconds, 00 minutes, 00 hours, 00 days
INFO: -Argparser-
DEBUG: argParser.fileName benchmark/00_online/benchmark-heptomino2.txt
DEBUG: argParser.timeLimit 3600
DEBUG: argParser.model Model.Standard
INFO: Runtime #1372# argparser: TotalSec: 0.001 == 00.001 seconds, 00 minutes, 00 hours, 00 days
INFO: -FileParser-
DEBUG: > File exists: benchmark/00_online/benchmark-heptomino2.txt
DEBUG: your current path to the project is : 
 /home/rzepka/runColor/SatHelper/examples
DEBUG: your folder contains these files: 
['script.sh', 'benchmark_hard_81.txt', 'glucose', 'quicksand', 'main3.py', 'nohup_5Mail.out', 'simple.cnf', 'kissat_mac', '__pycache__', 'benchmark2.txt', 'deleted_files_log.txt', 'runExperiment2.sh', 'glucose-4.2.1', '.DS_Store', 'benchmark18-01-2023--11-17-24.txt', '04-04-2023--23-33-benchmark-txt', 'benchmark_easy_1.txt', '_nohup_process_gif.out', 'mainTest.py', 'example.txt', '_nohup_process.out', 'benchmark5.txt', 'gui_11_old_commented.py', 'benchmark21-01-2023--10-54.txt', '_could_not_run.txt', 'abra.txt', 'email_credentials-2.txt', 'runExperiment.sh', 'benchmark_done', 'benchmark18-01-2023--11-17-27.txt', 'benchmark18-01-2023--11-17-26.txt', 'glucose-folder', 'benchmark21.txt', 'kissat_linux', 'benchmark3.txt', 'processed_files.txt', 'coloring.cnf', 'benchmark18-01-2023--11-17.txt', 'benchmark_hard_71.txt', 'runTests.sh', '.idea', 'benchmark_easy_15.txt', '_original examples', 'output.txt', 'runTests-results.txt', 'nohup.out', 'benchmark4.txt', 'sample3.cnf', 'benchmark.txt', 'benchmark6.txt', 'email_credentials-1.txt', '_main_check_process.py', 'src', '_running_process.txt', 'solver', 'sent_emails.txt', 'benchmark1.txt', 'tests-scripts', 'glucose_mac', 'pyproject.toml', 'email_credentials3.txt', 'runExperiment3.sh', 'graph_coloring.cnf', 'special-heptomino2.txt', 'email_credentials-3.txt', 'benchmark18-01-2023--11-17-1.txt', 'results_os_walk.txt', 'main5Mails.py', 'tests', '_nohup_file_not_bigger_then_1GB_for_61mins.out', 'runTestsAndSaveResults.sh', 'benchmark', '.pytest_cache', '_main_file_not_bigger_then_1GB_for_61mins.py', 'img', 'simple2.cnf', 'benchmark18-01-2023--11-17-5.txt', 'results_find.txt', 'runExperimentAll.sh', 'benchmark18-01-2023--11-17-9.txt', '_nohup_file_not_bigger_then_1GB_for_22mins.out', 'benchmark_todo', 'sleep.py', 'email_data.txt', 'logs', 'data']
DEBUG: allPixels  = 759
DEBUG: totalPixel = 759
DEBUG:  fPProfiler 
                    Function: "_check_all" from file /home/rzepka/runColor/SatHelper/examples/src/_fileparser.py
                    Execution Time: TotalSec: 0.019 == 00.019 seconds, 00 minutes, 00 hours, 00 days
                    Average CPU Usage: 10.4890625%
                    Minimum CPU Usage: 0.0%
                    Maximum CPU Usage: 100.0%
                    Memory Usage Before: svmem(total=507123982336, available=499054567424, percent=1.6, used=5328592896, free=457547771904, active=4505079808, inactive=42744922112, buffers=286216192, cached=43961401344, shared=180224, slab=1709481984)
                    Memory Usage After: svmem(total=507123982336, available=499053535232, percent=1.6, used=5329625088, free=457546739712, active=4505079808, inactive=42744922112, buffers=286216192, cached=43961401344, shared=180224, slab=1709481984)
                    Memory Before: 49684480, 
                    Memory After: 49971200, 
                    Memory Consumed: 286720
                    Memory Before B2H: 47.4M
                    Memory After B2H: 47.7M
                    Memory Consumed B2H: 280.0K
                    
INFO: Runtime #1373# fileparser: TotalSec: 0.021 == 00.021 seconds, 00 minutes, 00 hours, 00 days
DEBUG: fileParserFileParser(fileName='benchmark/00_online/benchmark-heptomino2.txt', timeLimit=3600, debugMode=True)
INFO: -ImageCreator-
DEBUG: created folder : img/12-07-2023--03-10-benchmark__00_online__benchmark-heptomino2-txt/
INFO: Runtime #1374# imageparser: TotalSec: 0.001 == 00.001 seconds, 00 minutes, 00 hours, 00 days
INFO: -ClauselCalculator-
INFO:  - create Variables - 
INFO:  cV = (None, '\n                    Function: "_createTheVariables" from file /home/rzepka/runColor/SatHelper/examples/src/_clauselCalculator.py\n                    Execution Time: TotalSec: 0.624 == 00.624 seconds, 00 minutes, 00 hours, 00 days\n                    Average CPU Usage: 10.953125%\n                    Minimum CPU Usage: 0.0%\n                    Maximum CPU Usage: 100.0%\n                    Memory Usage Before: svmem(total=507123982336, available=498852098048, percent=1.6, used=5531041792, free=457345273856, active=4706226176, inactive=42744946688, buffers=286216192, cached=43961450496, shared=192512, slab=1709547520)\n                    Memory Usage After: svmem(total=507123982336, available=498782908416, percent=1.6, used=5600231424, free=457276084224, active=4774035456, inactive=42744946688, buffers=286216192, cached=43961450496, shared=192512, slab=1709547520)\n                    Memory Before: 156729344, \n                    Memory After: 218947584, \n                    Memory Consumed: 62218240\n                    Memory Before B2H: 149.5M\n                    Memory After B2H: 208.8M\n                    Memory Consumed B2H: 59.3M\n                    ')
INFO:  - create equivalents - 
INFO:  cte = (None, '\n                    Function: "_createTheEquivalents" from file /home/rzepka/runColor/SatHelper/examples/src/_clauselCalculator.py\n                    Execution Time: TotalSec: 3.619 == 03.619 seconds, 00 minutes, 00 hours, 00 days\n                    Average CPU Usage: 10.946875%\n                    Minimum CPU Usage: 0.0%\n                    Maximum CPU Usage: 100.0%\n                    Memory Usage Before: svmem(total=507123982336, available=498782908416, percent=1.6, used=5600231424, free=457276084224, active=4774551552, inactive=42744946688, buffers=286216192, cached=43961450496, shared=192512, slab=1709547520)\n                    Memory Usage After: svmem(total=507123982336, available=498639470592, percent=1.7, used=5743669248, free=457132646400, active=4920254464, inactive=42744946688, buffers=286216192, cached=43961450496, shared=192512, slab=1709547520)\n                    Memory Before: 219217920, \n                    Memory After: 289730560, \n                    Memory Consumed: 70512640\n                    Memory Before B2H: 209.1M\n                    Memory After B2H: 276.3M\n                    Memory Consumed B2H: 67.2M\n                    ')
INFO:  - create Exactly One For The Pixels - 
INFO:  ceoftpProfiler = (None, '\n                    Function: "_createExactlyOneForThePixels" from file /home/rzepka/runColor/SatHelper/examples/src/_clauselCalculator.py\n                    Execution Time: TotalSec: 725.322 == 05.322 seconds, 12 minutes, 00 hours, 00 days\n                    Average CPU Usage: 11.346875000000002%\n                    Minimum CPU Usage: 0.0%\n                    Maximum CPU Usage: 100.0%\n                    Memory Usage Before: svmem(total=507123982336, available=498639470592, percent=1.7, used=5743669248, free=457132646400, active=4920254464, inactive=42744946688, buffers=286216192, cached=43961450496, shared=192512, slab=1709547520)\n                    Memory Usage After: svmem(total=507123982336, available=468782075904, percent=7.6, used=35601137664, free=427465277440, active=34715803648, inactive=42554986496, buffers=286220288, cached=43771346944, shared=192512, slab=1709858816)\n                    Memory Before: 289730560, \n                    Memory After: 14064746496, \n                    Memory Consumed: 13775015936\n                    Memory Before B2H: 276.3M\n                    Memory After B2H: 13.1G\n                    Memory Consumed B2H: 12.8G\n                    ')
INFO:  - create Exactly One For The Possible Play stone - 
INFO: ceoftppProfiler = (None, '\n                    Function: "_createExactlyOneForThePossiblePlaystone" from file /home/rzepka/runColor/SatHelper/examples/src/_clauselCalculator.py\n                    Execution Time: TotalSec: 99.211 == 39.211 seconds, 01 minutes, 00 hours, 00 days\n                    Average CPU Usage: 10.943750000000001%\n                    Minimum CPU Usage: 0.0%\n                    Maximum CPU Usage: 100.0%\n                    Memory Usage Before: svmem(total=507123982336, available=468781559808, percent=7.6, used=35601653760, free=427464761344, active=34716835840, inactive=42554986496, buffers=286220288, cached=43771346944, shared=192512, slab=1709858816)\n                    Memory Usage After: svmem(total=507123982336, available=463291744256, percent=8.6, used=41090449408, free=421468311552, active=40184987648, inactive=43061149696, buffers=286220288, cached=44279001088, shared=192512, slab=1723031552)\n                    Memory Before: 14064746496, \n                    Memory After: 15903584256, \n                    Memory Consumed: 1838837760\n                    Memory Before B2H: 13.1G\n                    Memory After B2H: 14.8G\n                    Memory Consumed B2H: 1.7G\n                    ')
INFO:  - created All Variables successfully - 
INFO:  - start printing File - 
INFO: pffProfiler = (None, '\n                    Function: "printFormulaFile" from file /home/rzepka/runColor/SatHelper/examples/src/sathelper.py\n                    Execution Time: TotalSec: 594.827 == 54.827 seconds, 09 minutes, 00 hours, 00 days\n                    Average CPU Usage: 10.7875%\n                    Minimum CPU Usage: 0.0%\n                    Maximum CPU Usage: 100.0%\n                    Memory Usage Before: svmem(total=507123982336, available=463291744256, percent=8.6, used=41090449408, free=421468311552, active=40184987648, inactive=43061149696, buffers=286220288, cached=44279001088, shared=192512, slab=1723031552)\n                    Memory Usage After: svmem(total=507123982336, available=452666355712, percent=10.7, used=51704291328, free=400217927680, active=50714001408, inactive=53674250240, buffers=286232576, cached=54915530752, shared=192512, slab=1813745664)\n                    Memory Before: 15903584256, \n                    Memory After: 15916449792, \n                    Memory Consumed: 12865536\n                    Memory Before B2H: 14.8G\n                    Memory After B2H: 14.8G\n                    Memory Consumed B2H: 12.3M\n                    ')
INFO:  - start printing finished - 
INFO: - started Solving Sat -
DEBUG: Runtime #1377# " _solving_SAT ": TotalSec: 104.884 == 44.884 seconds, 01 minutes, 00 hours, 00 days
INFO: Error occurred in benchmark/00_online/benchmark-heptomino2.txt: [Errno 122] Disk quota exceeded
INFO: Runtime #1377# " _solving_SAT ": TotalSec: 104.886 == 44.886 seconds, 01 minutes, 00 hours, 00 days
INFO: - img/12-07-2023--03-10-benchmark__00_online__benchmark-heptomino2-txt/_file_problem.cnf.res with   2 GB deleted successfully -
INFO: - img/12-07-2023--03-10-benchmark__00_online__benchmark-heptomino2-txt/_file_problem.cnf with   3 GB deleted successfully -
INFO: Error occurred in <function ClauselCalculator._createLogicOriginalUntouched at 0x7fd676cc90d0> in Profiler: I/O operation on closed file.
INFO: Error occurred in <function ClauselCalculator.run at 0x7fd676cc9670> in Profiler: I/O operation on closed file.
DEBUG: Fehler: I/O operation on closed file.
DEBUG: Traceback:
DEBUG: Traceback (most recent call last):
  File "/home/rzepka/runColor/SatHelper/examples/src/sathelper.py", line 589, in solveSatPath
    self.printFormula()
  File "/home/rzepka/runColor/SatHelper/examples/src/sathelper.py", line 484, in printFormula
    print(clause)
OSError: [Errno 5] Input/output error

During handling of the above exception, another exception occurred:

OSError: [Errno 5] Input/output error

During handling of the above exception, another exception occurred:

Traceback (most recent call last):
  File "/home/rzepka/runColor/SatHelper/examples/src/_clauselCalculator.py", line 200, in _createLogicOriginalUntouched
    time_calculator_solving_SAT.measure_and_run("#1377# \" _solving_SAT \"", self.sh.solveSatPath, self.image.folderName, "_file_problem", self.maxTime)
  File "/home/rzepka/runColor/SatHelper/examples/src/_timeCalculator.py", line 117, in measure_and_run
    result = future.result(timeout=self.max_time)  # Setzt das Timeout
  File "/usr/lib/python3.8/concurrent/futures/_base.py", line 439, in result
    return self.__get_result()
  File "/usr/lib/python3.8/concurrent/futures/_base.py", line 388, in __get_result
    raise self._exception
  File "/usr/lib/python3.8/concurrent/futures/thread.py", line 57, in run
    result = self.fn(*self.args, **self.kwargs)
  File "/home/rzepka/runColor/SatHelper/examples/src/sathelper.py", line 590, in solveSatPath
    sys.stdout = original_stdout  # Reset the standard output to its original value
OSError: [Errno 122] Disk quota exceeded

During handling of the above exception, another exception occurred:

Traceback (most recent call last):
  File "/home/rzepka/runColor/SatHelper/examples/src/_profiler.py", line 30, in __call__
    result = self.func(*args, **kwargs)
  File "/home/rzepka/runColor/SatHelper/examples/src/_clauselCalculator.py", line 213, in _createLogicOriginalUntouched
    print(f"Error occurred in {self.fileName}: {e}")
ValueError: I/O operation on closed file.

During handling of the above exception, another exception occurred:

Traceback (most recent call last):
  File "/home/rzepka/runColor/SatHelper/examples/src/_profiler.py", line 30, in __call__
    result = self.func(*args, **kwargs)
  File "/home/rzepka/runColor/SatHelper/examples/src/_clauselCalculator.py", line 497, in run
    self._createClauselForAllStones()
  File "/home/rzepka/runColor/SatHelper/examples/src/_clauselCalculator.py", line 389, in _createClauselForAllStones
    res, cLOUProfiler = self._createLogicOriginalUntouched()
  File "/home/rzepka/runColor/SatHelper/examples/src/_profiler.py", line 69, in wrapper
    return self(instance, *args, **kwargs)
  File "/home/rzepka/runColor/SatHelper/examples/src/_profiler.py", line 63, in __call__
    print(f"Error occurred in {self.func} in Profiler: {e}")
ValueError: I/O operation on closed file.

During handling of the above exception, another exception occurred:

Traceback (most recent call last):
  File "src/_main.py", line 391, in run_clauselCalculator
    cres, cCProfiler = clauselCalculator.run()
  File "/home/rzepka/runColor/SatHelper/examples/src/_profiler.py", line 69, in wrapper
    return self(instance, *args, **kwargs)
  File "/home/rzepka/runColor/SatHelper/examples/src/_profiler.py", line 63, in __call__
    print(f"Error occurred in {self.func} in Profiler: {e}")
ValueError: I/O operation on closed file.

DEBUG: p_res 0
INFO: Finished
INFO: Runtime #1369# main without data saving: TotalSec: 1534.581 == 34.581 seconds, 25 minutes, 00 hours, 00 days
